<?xml version="1.0" encoding="UTF-8"?>
<testsuite name="com.jojoldu.book.springboot.HelloControllerTest" tests="2" skipped="0" failures="0" errors="0" timestamp="2022-09-23T15:44:49" hostname="gim-yeonsuui-MacBookAir.local" time="0.057">
  <properties/>
  <testcase name="hellodto가_리턴된다" classname="com.jojoldu.book.springboot.HelloControllerTest" time="0.048"/>
  <testcase name="hello가_리턴된다" classname="com.jojoldu.book.springboot.HelloControllerTest" time="0.008"/>
  <system-out><![CDATA[2022-09-24 00:44:48.383  INFO 96834 --- [    Test worker] .b.t.a.w.s.WebMvcTestContextBootstrapper : Neither @ContextConfiguration nor @ContextHierarchy found for test class [com.jojoldu.book.springboot.HelloControllerTest], using SpringBootContextLoader
2022-09-24 00:44:48.387  INFO 96834 --- [    Test worker] o.s.t.c.support.AbstractContextLoader    : Could not detect default resource locations for test class [com.jojoldu.book.springboot.HelloControllerTest]: no resource found for suffixes {-context.xml, Context.groovy}.
2022-09-24 00:44:48.387  INFO 96834 --- [    Test worker] t.c.s.AnnotationConfigContextLoaderUtils : Could not detect default configuration classes for test class [com.jojoldu.book.springboot.HelloControllerTest]: HelloControllerTest does not declare any static, non-private, non-final, nested classes annotated with @Configuration.
2022-09-24 00:44:48.432  INFO 96834 --- [    Test worker] .b.t.c.SpringBootTestContextBootstrapper : Found @SpringBootConfiguration com.jojoldu.book.springboot.Application for test class com.jojoldu.book.springboot.HelloControllerTest
2022-09-24 00:44:48.433  INFO 96834 --- [    Test worker] .b.t.a.w.s.WebMvcTestContextBootstrapper : Loaded default TestExecutionListener class names from location [META-INF/spring.factories]: [org.springframework.security.test.context.support.WithSecurityContextTestExecutionListener, org.springframework.security.test.context.support.ReactorContextTestExecutionListener, org.springframework.boot.test.autoconfigure.restdocs.RestDocsTestExecutionListener, org.springframework.boot.test.autoconfigure.web.client.MockRestServiceServerResetTestExecutionListener, org.springframework.boot.test.autoconfigure.web.servlet.MockMvcPrintOnlyOnFailureTestExecutionListener, org.springframework.boot.test.autoconfigure.web.servlet.WebDriverTestExecutionListener, org.springframework.boot.test.mock.mockito.MockitoTestExecutionListener, org.springframework.boot.test.mock.mockito.ResetMocksTestExecutionListener, org.springframework.test.context.web.ServletTestExecutionListener, org.springframework.test.context.support.DirtiesContextBeforeModesTestExecutionListener, org.springframework.test.context.support.DependencyInjectionTestExecutionListener, org.springframework.test.context.support.DirtiesContextTestExecutionListener, org.springframework.test.context.transaction.TransactionalTestExecutionListener, org.springframework.test.context.jdbc.SqlScriptsTestExecutionListener]
2022-09-24 00:44:48.434  INFO 96834 --- [    Test worker] .b.t.a.w.s.WebMvcTestContextBootstrapper : Using TestExecutionListeners: [org.springframework.test.context.web.ServletTestExecutionListener@540eebbc, org.springframework.test.context.support.DirtiesContextBeforeModesTestExecutionListener@577325e6, org.springframework.boot.test.mock.mockito.MockitoTestExecutionListener@80b97f5, org.springframework.boot.test.autoconfigure.SpringBootDependencyInjectionTestExecutionListener@4714826a, org.springframework.test.context.support.DirtiesContextTestExecutionListener@6464c23f, org.springframework.test.context.transaction.TransactionalTestExecutionListener@2af69740, org.springframework.test.context.jdbc.SqlScriptsTestExecutionListener@7e9619d4, org.springframework.security.test.context.support.WithSecurityContextTestExecutionListener@1df2d3be, org.springframework.security.test.context.support.ReactorContextTestExecutionListener@5f458f05, org.springframework.boot.test.autoconfigure.restdocs.RestDocsTestExecutionListener@41975f3a, org.springframework.boot.test.autoconfigure.web.client.MockRestServiceServerResetTestExecutionListener@f81a665, org.springframework.boot.test.autoconfigure.web.servlet.MockMvcPrintOnlyOnFailureTestExecutionListener@4e5fb08, org.springframework.boot.test.autoconfigure.web.servlet.WebDriverTestExecutionListener@77ab7136, org.springframework.boot.test.mock.mockito.ResetMocksTestExecutionListener@cbe8e76]

  .   ____          _            __ _ _
 /\\ / ___'_ __ _ _(_)_ __  __ _ \ \ \ \
( ( )\___ | '_ | '_| | '_ \/ _` | \ \ \ \
 \\/  ___)| |_)| | | | | || (_| |  ) ) ) )
  '  |____| .__|_| |_|_| |_\__, | / / / /
 =========|_|==============|___/=/_/_/_/
 :: Spring Boot ::        (v2.1.7.RELEASE)

2022-09-24 00:44:48.491  INFO 96834 --- [    Test worker] c.j.book.springboot.HelloControllerTest  : Starting HelloControllerTest on gim-yeonsuui-MacBookAir.local with PID 96834 (started by gim-yeonsu in /Users/gim-yeonsu/study/freelec)
2022-09-24 00:44:48.493  INFO 96834 --- [    Test worker] c.j.book.springboot.HelloControllerTest  : No active profile set, falling back to default profiles: default
2022-09-24 00:44:49.052  INFO 96834 --- [    Test worker] o.s.s.concurrent.ThreadPoolTaskExecutor  : Initializing ExecutorService 'applicationTaskExecutor'
2022-09-24 00:44:49.079  INFO 96834 --- [    Test worker] o.s.b.a.w.s.WelcomePageHandlerMapping    : Adding welcome page template: index
2022-09-24 00:44:49.196  INFO 96834 --- [    Test worker] .s.s.UserDetailsServiceAutoConfiguration : 

Using generated security password: 5160888a-96f2-404a-9ce8-1a93b499b55b

2022-09-24 00:44:49.258  INFO 96834 --- [    Test worker] o.s.s.web.DefaultSecurityFilterChain     : Creating filter chain: any request, [org.springframework.security.web.context.request.async.WebAsyncManagerIntegrationFilter@146e3754, org.springframework.security.web.context.SecurityContextPersistenceFilter@74e4cc28, org.springframework.security.web.header.HeaderWriterFilter@4c14eb12, org.springframework.security.web.csrf.CsrfFilter@74b307, org.springframework.security.web.authentication.logout.LogoutFilter@7d77c0f2, org.springframework.security.web.authentication.UsernamePasswordAuthenticationFilter@238140b4, org.springframework.security.web.authentication.ui.DefaultLoginPageGeneratingFilter@7d7d14e3, org.springframework.security.web.authentication.ui.DefaultLogoutPageGeneratingFilter@483b59ed, org.springframework.security.web.authentication.www.BasicAuthenticationFilter@575a60e3, org.springframework.security.web.savedrequest.RequestCacheAwareFilter@132a2e87, org.springframework.security.web.servletapi.SecurityContextHolderAwareRequestFilter@780d1b8b, org.springframework.security.web.authentication.AnonymousAuthenticationFilter@4c626571, org.springframework.security.web.session.SessionManagementFilter@69dd951c, org.springframework.security.web.access.ExceptionTranslationFilter@7002f576, org.springframework.security.web.access.intercept.FilterSecurityInterceptor@b5c25ed]
2022-09-24 00:44:49.268  INFO 96834 --- [    Test worker] o.s.b.t.m.w.SpringBootMockServletContext : Initializing Spring TestDispatcherServlet ''
2022-09-24 00:44:49.268  INFO 96834 --- [    Test worker] o.s.t.web.servlet.TestDispatcherServlet  : Initializing Servlet ''
2022-09-24 00:44:49.272  INFO 96834 --- [    Test worker] o.s.t.web.servlet.TestDispatcherServlet  : Completed initialization in 3 ms
2022-09-24 00:44:49.292  INFO 96834 --- [    Test worker] c.j.book.springboot.HelloControllerTest  : Started HelloControllerTest in 0.851 seconds (JVM running for 15.179)
]]></system-out>
  <system-err><![CDATA[]]></system-err>
</testsuite>
